2019-02-19 19:52:20,598 WARN  [main] util.NativeCodeLoader (NativeCodeLoader.java:<clinit>(62)) - Unable to load native-hadoop library for your platform... using builtin-java classes where applicable
2019-02-19 19:52:21,266 INFO  [main] Configuration.deprecation (Configuration.java:warnOnceIfDeprecated(1049)) - session.id is deprecated. Instead, use dfs.metrics.session-id
2019-02-19 19:52:21,271 INFO  [main] jvm.JvmMetrics (JvmMetrics.java:init(76)) - Initializing JVM Metrics with processName=JobTracker, sessionId=
2019-02-19 19:52:21,643 WARN  [main] mapreduce.JobSubmitter (JobSubmitter.java:copyAndConfigureFiles(153)) - Hadoop command-line option parsing not performed. Implement the Tool interface and execute your application with ToolRunner to remedy this.
2019-02-19 19:52:21,677 INFO  [main] input.FileInputFormat (FileInputFormat.java:listStatus(281)) - Total input paths to process : 1
2019-02-19 19:52:21,718 INFO  [main] mapreduce.JobSubmitter (JobSubmitter.java:submitJobInternal(494)) - number of splits:5
2019-02-19 19:52:21,884 INFO  [main] mapreduce.JobSubmitter (JobSubmitter.java:printTokens(583)) - Submitting tokens for job: job_local260283070_0001
2019-02-19 19:52:22,343 INFO  [main] mapreduce.Job (Job.java:submit(1300)) - The url to track the job: http://localhost:8080/
2019-02-19 19:52:22,344 INFO  [main] mapreduce.Job (Job.java:monitorAndPrintJob(1345)) - Running job: job_local260283070_0001
2019-02-19 19:52:22,347 INFO  [Thread-13] mapred.LocalJobRunner (LocalJobRunner.java:createOutputCommitter(471)) - OutputCommitter set in config null
2019-02-19 19:52:22,359 INFO  [Thread-13] mapred.LocalJobRunner (LocalJobRunner.java:createOutputCommitter(489)) - OutputCommitter is org.apache.hadoop.mapreduce.lib.output.FileOutputCommitter
2019-02-19 19:52:22,520 INFO  [Thread-13] mapred.LocalJobRunner (LocalJobRunner.java:runTasks(448)) - Waiting for map tasks
2019-02-19 19:52:22,521 INFO  [LocalJobRunner Map Task Executor #0] mapred.LocalJobRunner (LocalJobRunner.java:run(224)) - Starting task: attempt_local260283070_0001_m_000000_0
2019-02-19 19:52:22,591 INFO  [LocalJobRunner Map Task Executor #0] mapred.Task (Task.java:initialize(587)) -  Using ResourceCalculatorProcessTree : [ ]
2019-02-19 19:52:22,593 INFO  [LocalJobRunner Map Task Executor #0] mapred.MapTask (MapTask.java:runNewMapper(753)) - Processing split: file:/home/dshah/project1/large-graph.txt:0+33554432
2019-02-19 19:52:22,782 INFO  [LocalJobRunner Map Task Executor #0] mapred.MapTask (MapTask.java:setEquator(1202)) - (EQUATOR) 0 kvi 26214396(104857584)
2019-02-19 19:52:22,783 INFO  [LocalJobRunner Map Task Executor #0] mapred.MapTask (MapTask.java:init(995)) - mapreduce.task.io.sort.mb: 100
2019-02-19 19:52:22,783 INFO  [LocalJobRunner Map Task Executor #0] mapred.MapTask (MapTask.java:init(996)) - soft limit at 83886080
2019-02-19 19:52:22,783 INFO  [LocalJobRunner Map Task Executor #0] mapred.MapTask (MapTask.java:init(997)) - bufstart = 0; bufvoid = 104857600
2019-02-19 19:52:22,783 INFO  [LocalJobRunner Map Task Executor #0] mapred.MapTask (MapTask.java:init(998)) - kvstart = 26214396; length = 6553600
2019-02-19 19:52:22,786 INFO  [LocalJobRunner Map Task Executor #0] mapred.MapTask (MapTask.java:createSortingCollector(402)) - Map output collector class = org.apache.hadoop.mapred.MapTask$MapOutputBuffer
2019-02-19 19:52:23,350 INFO  [main] mapreduce.Job (Job.java:monitorAndPrintJob(1366)) - Job job_local260283070_0001 running in uber mode : false
2019-02-19 19:52:23,351 INFO  [main] mapreduce.Job (Job.java:monitorAndPrintJob(1373)) -  map 0% reduce 0%
2019-02-19 19:52:28,603 INFO  [communication thread] mapred.LocalJobRunner (LocalJobRunner.java:statusUpdate(591)) - map > map
2019-02-19 19:52:29,549 INFO  [main] mapreduce.Job (Job.java:monitorAndPrintJob(1373)) -  map 1% reduce 0%
2019-02-19 19:52:31,616 INFO  [communication thread] mapred.LocalJobRunner (LocalJobRunner.java:statusUpdate(591)) - map > map
2019-02-19 19:52:32,550 INFO  [main] mapreduce.Job (Job.java:monitorAndPrintJob(1373)) -  map 2% reduce 0%
2019-02-19 19:52:34,617 INFO  [communication thread] mapred.LocalJobRunner (LocalJobRunner.java:statusUpdate(591)) - map > map
2019-02-19 19:52:35,551 INFO  [main] mapreduce.Job (Job.java:monitorAndPrintJob(1373)) -  map 3% reduce 0%
2019-02-19 19:52:37,619 INFO  [communication thread] mapred.LocalJobRunner (LocalJobRunner.java:statusUpdate(591)) - map > map
2019-02-19 19:52:38,553 INFO  [main] mapreduce.Job (Job.java:monitorAndPrintJob(1373)) -  map 4% reduce 0%
2019-02-19 19:52:40,620 INFO  [communication thread] mapred.LocalJobRunner (LocalJobRunner.java:statusUpdate(591)) - map > map
2019-02-19 19:52:43,621 INFO  [communication thread] mapred.LocalJobRunner (LocalJobRunner.java:statusUpdate(591)) - map > map
2019-02-19 19:52:44,555 INFO  [main] mapreduce.Job (Job.java:monitorAndPrintJob(1373)) -  map 5% reduce 0%
2019-02-19 19:52:46,621 INFO  [communication thread] mapred.LocalJobRunner (LocalJobRunner.java:statusUpdate(591)) - map > map
2019-02-19 19:52:47,556 INFO  [main] mapreduce.Job (Job.java:monitorAndPrintJob(1373)) -  map 6% reduce 0%
2019-02-19 19:52:49,622 INFO  [communication thread] mapred.LocalJobRunner (LocalJobRunner.java:statusUpdate(591)) - map > map
2019-02-19 19:52:50,557 INFO  [main] mapreduce.Job (Job.java:monitorAndPrintJob(1373)) -  map 7% reduce 0%
2019-02-19 19:52:52,623 INFO  [communication thread] mapred.LocalJobRunner (LocalJobRunner.java:statusUpdate(591)) - map > map
2019-02-19 19:52:53,558 INFO  [main] mapreduce.Job (Job.java:monitorAndPrintJob(1373)) -  map 8% reduce 0%
2019-02-19 19:52:55,623 INFO  [communication thread] mapred.LocalJobRunner (LocalJobRunner.java:statusUpdate(591)) - map > map
2019-02-19 19:52:56,559 INFO  [main] mapreduce.Job (Job.java:monitorAndPrintJob(1373)) -  map 9% reduce 0%
2019-02-19 19:52:58,624 INFO  [communication thread] mapred.LocalJobRunner (LocalJobRunner.java:statusUpdate(591)) - map > map
2019-02-19 19:52:59,560 INFO  [main] mapreduce.Job (Job.java:monitorAndPrintJob(1373)) -  map 10% reduce 0%
2019-02-19 19:53:01,625 INFO  [communication thread] mapred.LocalJobRunner (LocalJobRunner.java:statusUpdate(591)) - map > map
2019-02-19 19:53:02,564 INFO  [main] mapreduce.Job (Job.java:monitorAndPrintJob(1373)) -  map 11% reduce 0%
2019-02-19 19:53:04,626 INFO  [communication thread] mapred.LocalJobRunner (LocalJobRunner.java:statusUpdate(591)) - map > map
2019-02-19 19:53:05,565 INFO  [main] mapreduce.Job (Job.java:monitorAndPrintJob(1373)) -  map 12% reduce 0%
2019-02-19 19:53:07,626 INFO  [communication thread] mapred.LocalJobRunner (LocalJobRunner.java:statusUpdate(591)) - map > map
2019-02-19 19:53:10,546 INFO  [LocalJobRunner Map Task Executor #0] mapred.LocalJobRunner (LocalJobRunner.java:statusUpdate(591)) - map > map
2019-02-19 19:53:10,547 INFO  [LocalJobRunner Map Task Executor #0] mapred.MapTask (MapTask.java:flush(1457)) - Starting flush of map output
2019-02-19 19:53:10,547 INFO  [LocalJobRunner Map Task Executor #0] mapred.MapTask (MapTask.java:flush(1475)) - Spilling map output
2019-02-19 19:53:10,547 INFO  [LocalJobRunner Map Task Executor #0] mapred.MapTask (MapTask.java:flush(1476)) - bufstart = 0; bufend = 38132768; bufvoid = 104857600
2019-02-19 19:53:10,547 INFO  [LocalJobRunner Map Task Executor #0] mapred.MapTask (MapTask.java:flush(1478)) - kvstart = 26214396(104857584); kvend = 16681208(66724832); length = 9533189/6553600
2019-02-19 19:53:10,631 INFO  [communication thread] mapred.LocalJobRunner (LocalJobRunner.java:statusUpdate(591)) - map > sort
2019-02-19 19:53:11,567 INFO  [main] mapreduce.Job (Job.java:monitorAndPrintJob(1373)) -  map 13% reduce 0%
2019-02-19 19:53:13,631 INFO  [communication thread] mapred.LocalJobRunner (LocalJobRunner.java:statusUpdate(591)) - map > sort
2019-02-19 19:53:15,103 INFO  [LocalJobRunner Map Task Executor #0] mapred.MapTask (MapTask.java:sortAndSpill(1660)) - Finished spill 0
2019-02-19 19:53:15,120 INFO  [LocalJobRunner Map Task Executor #0] mapred.Task (Task.java:done(1001)) - Task:attempt_local260283070_0001_m_000000_0 is done. And is in the process of committing
2019-02-19 19:53:15,130 INFO  [LocalJobRunner Map Task Executor #0] mapred.LocalJobRunner (LocalJobRunner.java:statusUpdate(591)) - map
2019-02-19 19:53:15,130 INFO  [LocalJobRunner Map Task Executor #0] mapred.Task (Task.java:sendDone(1121)) - Task 'attempt_local260283070_0001_m_000000_0' done.
2019-02-19 19:53:15,130 INFO  [LocalJobRunner Map Task Executor #0] mapred.LocalJobRunner (LocalJobRunner.java:run(249)) - Finishing task: attempt_local260283070_0001_m_000000_0
2019-02-19 19:53:15,130 INFO  [LocalJobRunner Map Task Executor #0] mapred.LocalJobRunner (LocalJobRunner.java:run(224)) - Starting task: attempt_local260283070_0001_m_000001_0
2019-02-19 19:53:15,133 INFO  [LocalJobRunner Map Task Executor #0] mapred.Task (Task.java:initialize(587)) -  Using ResourceCalculatorProcessTree : [ ]
2019-02-19 19:53:15,140 INFO  [LocalJobRunner Map Task Executor #0] mapred.MapTask (MapTask.java:runNewMapper(753)) - Processing split: file:/home/dshah/project1/large-graph.txt:33554432+33554432
2019-02-19 19:53:15,158 INFO  [LocalJobRunner Map Task Executor #0] mapred.MapTask (MapTask.java:setEquator(1202)) - (EQUATOR) 0 kvi 26214396(104857584)
2019-02-19 19:53:15,158 INFO  [LocalJobRunner Map Task Executor #0] mapred.MapTask (MapTask.java:init(995)) - mapreduce.task.io.sort.mb: 100
2019-02-19 19:53:15,158 INFO  [LocalJobRunner Map Task Executor #0] mapred.MapTask (MapTask.java:init(996)) - soft limit at 83886080
2019-02-19 19:53:15,158 INFO  [LocalJobRunner Map Task Executor #0] mapred.MapTask (MapTask.java:init(997)) - bufstart = 0; bufvoid = 104857600
2019-02-19 19:53:15,158 INFO  [LocalJobRunner Map Task Executor #0] mapred.MapTask (MapTask.java:init(998)) - kvstart = 26214396; length = 6553600
2019-02-19 19:53:15,160 INFO  [LocalJobRunner Map Task Executor #0] mapred.MapTask (MapTask.java:createSortingCollector(402)) - Map output collector class = org.apache.hadoop.mapred.MapTask$MapOutputBuffer
2019-02-19 19:53:16,151 INFO  [main] mapreduce.Job (Job.java:monitorAndPrintJob(1373)) -  map 100% reduce 0%
2019-02-19 19:53:21,163 INFO  [communication thread] mapred.LocalJobRunner (LocalJobRunner.java:statusUpdate(591)) - map > map
2019-02-19 19:53:22,153 INFO  [main] mapreduce.Job (Job.java:monitorAndPrintJob(1373)) -  map 21% reduce 0%
2019-02-19 19:53:24,165 INFO  [communication thread] mapred.LocalJobRunner (LocalJobRunner.java:statusUpdate(591)) - map > map
2019-02-19 19:53:25,154 INFO  [main] mapreduce.Job (Job.java:monitorAndPrintJob(1373)) -  map 22% reduce 0%
2019-02-19 19:53:27,165 INFO  [communication thread] mapred.LocalJobRunner (LocalJobRunner.java:statusUpdate(591)) - map > map
2019-02-19 19:53:27,189 INFO  [main] mapreduce.Job (Job.java:monitorAndPrintJob(1373)) -  map 23% reduce 0%
2019-02-19 19:53:30,166 INFO  [communication thread] mapred.LocalJobRunner (LocalJobRunner.java:statusUpdate(591)) - map > map
2019-02-19 19:53:30,190 INFO  [main] mapreduce.Job (Job.java:monitorAndPrintJob(1373)) -  map 24% reduce 0%
2019-02-19 19:53:33,168 INFO  [communication thread] mapred.LocalJobRunner (LocalJobRunner.java:statusUpdate(591)) - map > map
2019-02-19 19:53:33,191 INFO  [main] mapreduce.Job (Job.java:monitorAndPrintJob(1373)) -  map 25% reduce 0%
2019-02-19 19:53:36,169 INFO  [communication thread] mapred.LocalJobRunner (LocalJobRunner.java:statusUpdate(591)) - map > map
2019-02-19 19:53:36,192 INFO  [main] mapreduce.Job (Job.java:monitorAndPrintJob(1373)) -  map 26% reduce 0%
2019-02-19 19:53:39,178 INFO  [communication thread] mapred.LocalJobRunner (LocalJobRunner.java:statusUpdate(591)) - map > map
2019-02-19 19:53:39,193 INFO  [main] mapreduce.Job (Job.java:monitorAndPrintJob(1373)) -  map 27% reduce 0%
2019-02-19 19:53:42,178 INFO  [communication thread] mapred.LocalJobRunner (LocalJobRunner.java:statusUpdate(591)) - map > map
2019-02-19 19:53:45,179 INFO  [communication thread] mapred.LocalJobRunner (LocalJobRunner.java:statusUpdate(591)) - map > map
2019-02-19 19:53:45,195 INFO  [main] mapreduce.Job (Job.java:monitorAndPrintJob(1373)) -  map 28% reduce 0%
2019-02-19 19:53:48,180 INFO  [communication thread] mapred.LocalJobRunner (LocalJobRunner.java:statusUpdate(591)) - map > map
2019-02-19 19:53:48,196 INFO  [main] mapreduce.Job (Job.java:monitorAndPrintJob(1373)) -  map 29% reduce 0%
2019-02-19 19:53:51,183 INFO  [communication thread] mapred.LocalJobRunner (LocalJobRunner.java:statusUpdate(591)) - map > map
2019-02-19 19:53:51,398 INFO  [main] mapreduce.Job (Job.java:monitorAndPrintJob(1373)) -  map 30% reduce 0%
2019-02-19 19:53:54,184 INFO  [communication thread] mapred.LocalJobRunner (LocalJobRunner.java:statusUpdate(591)) - map > map
2019-02-19 19:53:54,400 INFO  [main] mapreduce.Job (Job.java:monitorAndPrintJob(1373)) -  map 31% reduce 0%
2019-02-19 19:53:57,189 INFO  [communication thread] mapred.LocalJobRunner (LocalJobRunner.java:statusUpdate(591)) - map > map
2019-02-19 19:53:57,400 INFO  [main] mapreduce.Job (Job.java:monitorAndPrintJob(1373)) -  map 32% reduce 0%
2019-02-19 19:54:00,189 INFO  [communication thread] mapred.LocalJobRunner (LocalJobRunner.java:statusUpdate(591)) - map > map
2019-02-19 19:54:00,402 INFO  [main] mapreduce.Job (Job.java:monitorAndPrintJob(1373)) -  map 33% reduce 0%
2019-02-19 19:54:02,810 INFO  [LocalJobRunner Map Task Executor #0] mapred.LocalJobRunner (LocalJobRunner.java:statusUpdate(591)) - map > map
2019-02-19 19:54:02,811 INFO  [LocalJobRunner Map Task Executor #0] mapred.MapTask (MapTask.java:flush(1457)) - Starting flush of map output
2019-02-19 19:54:02,811 INFO  [LocalJobRunner Map Task Executor #0] mapred.MapTask (MapTask.java:flush(1475)) - Spilling map output
2019-02-19 19:54:02,812 INFO  [LocalJobRunner Map Task Executor #0] mapred.MapTask (MapTask.java:flush(1476)) - bufstart = 0; bufend = 38131872; bufvoid = 104857600
2019-02-19 19:54:02,812 INFO  [LocalJobRunner Map Task Executor #0] mapred.MapTask (MapTask.java:flush(1478)) - kvstart = 26214396(104857584); kvend = 16681432(66725728); length = 9532965/6553600
2019-02-19 19:54:03,197 INFO  [communication thread] mapred.LocalJobRunner (LocalJobRunner.java:statusUpdate(591)) - map > sort
2019-02-19 19:54:06,197 INFO  [communication thread] mapred.LocalJobRunner (LocalJobRunner.java:statusUpdate(591)) - map > sort
2019-02-19 19:54:06,980 INFO  [LocalJobRunner Map Task Executor #0] mapred.MapTask (MapTask.java:sortAndSpill(1660)) - Finished spill 0
2019-02-19 19:54:06,998 INFO  [LocalJobRunner Map Task Executor #0] mapred.Task (Task.java:done(1001)) - Task:attempt_local260283070_0001_m_000001_0 is done. And is in the process of committing
2019-02-19 19:54:07,003 INFO  [LocalJobRunner Map Task Executor #0] mapred.LocalJobRunner (LocalJobRunner.java:statusUpdate(591)) - map
2019-02-19 19:54:07,003 INFO  [LocalJobRunner Map Task Executor #0] mapred.Task (Task.java:sendDone(1121)) - Task 'attempt_local260283070_0001_m_000001_0' done.
2019-02-19 19:54:07,003 INFO  [LocalJobRunner Map Task Executor #0] mapred.LocalJobRunner (LocalJobRunner.java:run(249)) - Finishing task: attempt_local260283070_0001_m_000001_0
2019-02-19 19:54:07,004 INFO  [LocalJobRunner Map Task Executor #0] mapred.LocalJobRunner (LocalJobRunner.java:run(224)) - Starting task: attempt_local260283070_0001_m_000002_0
2019-02-19 19:54:07,009 INFO  [LocalJobRunner Map Task Executor #0] mapred.Task (Task.java:initialize(587)) -  Using ResourceCalculatorProcessTree : [ ]
2019-02-19 19:54:07,010 INFO  [LocalJobRunner Map Task Executor #0] mapred.MapTask (MapTask.java:runNewMapper(753)) - Processing split: file:/home/dshah/project1/large-graph.txt:67108864+33554432
2019-02-19 19:54:07,138 INFO  [LocalJobRunner Map Task Executor #0] mapred.MapTask (MapTask.java:setEquator(1202)) - (EQUATOR) 0 kvi 26214396(104857584)
2019-02-19 19:54:07,138 INFO  [LocalJobRunner Map Task Executor #0] mapred.MapTask (MapTask.java:init(995)) - mapreduce.task.io.sort.mb: 100
2019-02-19 19:54:07,138 INFO  [LocalJobRunner Map Task Executor #0] mapred.MapTask (MapTask.java:init(996)) - soft limit at 83886080
2019-02-19 19:54:07,138 INFO  [LocalJobRunner Map Task Executor #0] mapred.MapTask (MapTask.java:init(997)) - bufstart = 0; bufvoid = 104857600
2019-02-19 19:54:07,138 INFO  [LocalJobRunner Map Task Executor #0] mapred.MapTask (MapTask.java:init(998)) - kvstart = 26214396; length = 6553600
2019-02-19 19:54:07,140 INFO  [LocalJobRunner Map Task Executor #0] mapred.MapTask (MapTask.java:createSortingCollector(402)) - Map output collector class = org.apache.hadoop.mapred.MapTask$MapOutputBuffer
2019-02-19 19:54:08,259 INFO  [main] mapreduce.Job (Job.java:monitorAndPrintJob(1373)) -  map 100% reduce 0%
2019-02-19 19:54:13,146 INFO  [communication thread] mapred.LocalJobRunner (LocalJobRunner.java:statusUpdate(591)) - map > map
2019-02-19 19:54:13,261 INFO  [main] mapreduce.Job (Job.java:monitorAndPrintJob(1373)) -  map 42% reduce 0%
2019-02-19 19:54:16,146 INFO  [communication thread] mapred.LocalJobRunner (LocalJobRunner.java:statusUpdate(591)) - map > map
2019-02-19 19:54:19,147 INFO  [communication thread] mapred.LocalJobRunner (LocalJobRunner.java:statusUpdate(591)) - map > map
2019-02-19 19:54:19,262 INFO  [main] mapreduce.Job (Job.java:monitorAndPrintJob(1373)) -  map 43% reduce 0%
2019-02-19 19:54:22,149 INFO  [communication thread] mapred.LocalJobRunner (LocalJobRunner.java:statusUpdate(591)) - map > map
2019-02-19 19:54:22,263 INFO  [main] mapreduce.Job (Job.java:monitorAndPrintJob(1373)) -  map 44% reduce 0%
2019-02-19 19:54:25,149 INFO  [communication thread] mapred.LocalJobRunner (LocalJobRunner.java:statusUpdate(591)) - map > map
2019-02-19 19:54:25,264 INFO  [main] mapreduce.Job (Job.java:monitorAndPrintJob(1373)) -  map 45% reduce 0%
2019-02-19 19:54:28,150 INFO  [communication thread] mapred.LocalJobRunner (LocalJobRunner.java:statusUpdate(591)) - map > map
2019-02-19 19:54:28,265 INFO  [main] mapreduce.Job (Job.java:monitorAndPrintJob(1373)) -  map 46% reduce 0%
2019-02-19 19:54:31,150 INFO  [communication thread] mapred.LocalJobRunner (LocalJobRunner.java:statusUpdate(591)) - map > map
2019-02-19 19:54:31,266 INFO  [main] mapreduce.Job (Job.java:monitorAndPrintJob(1373)) -  map 47% reduce 0%
2019-02-19 19:54:34,152 INFO  [communication thread] mapred.LocalJobRunner (LocalJobRunner.java:statusUpdate(591)) - map > map
2019-02-19 19:54:34,267 INFO  [main] mapreduce.Job (Job.java:monitorAndPrintJob(1373)) -  map 48% reduce 0%
2019-02-19 19:54:37,153 INFO  [communication thread] mapred.LocalJobRunner (LocalJobRunner.java:statusUpdate(591)) - map > map
2019-02-19 19:54:37,268 INFO  [main] mapreduce.Job (Job.java:monitorAndPrintJob(1373)) -  map 49% reduce 0%
2019-02-19 19:54:40,154 INFO  [communication thread] mapred.LocalJobRunner (LocalJobRunner.java:statusUpdate(591)) - map > map
2019-02-19 19:54:40,270 INFO  [main] mapreduce.Job (Job.java:monitorAndPrintJob(1373)) -  map 50% reduce 0%
2019-02-19 19:54:43,155 INFO  [communication thread] mapred.LocalJobRunner (LocalJobRunner.java:statusUpdate(591)) - map > map
2019-02-19 19:54:43,270 INFO  [main] mapreduce.Job (Job.java:monitorAndPrintJob(1373)) -  map 51% reduce 0%
2019-02-19 19:54:46,155 INFO  [communication thread] mapred.LocalJobRunner (LocalJobRunner.java:statusUpdate(591)) - map > map
2019-02-19 19:54:46,271 INFO  [main] mapreduce.Job (Job.java:monitorAndPrintJob(1373)) -  map 52% reduce 0%
2019-02-19 19:54:49,156 INFO  [communication thread] mapred.LocalJobRunner (LocalJobRunner.java:statusUpdate(591)) - map > map
2019-02-19 19:54:49,272 INFO  [main] mapreduce.Job (Job.java:monitorAndPrintJob(1373)) -  map 53% reduce 0%
2019-02-19 19:54:51,955 INFO  [LocalJobRunner Map Task Executor #0] mapred.LocalJobRunner (LocalJobRunner.java:statusUpdate(591)) - map > map
2019-02-19 19:54:51,956 INFO  [LocalJobRunner Map Task Executor #0] mapred.MapTask (MapTask.java:flush(1457)) - Starting flush of map output
2019-02-19 19:54:51,956 INFO  [LocalJobRunner Map Task Executor #0] mapred.MapTask (MapTask.java:flush(1475)) - Spilling map output
2019-02-19 19:54:51,956 INFO  [LocalJobRunner Map Task Executor #0] mapred.MapTask (MapTask.java:flush(1476)) - bufstart = 0; bufend = 38132288; bufvoid = 104857600
2019-02-19 19:54:51,956 INFO  [LocalJobRunner Map Task Executor #0] mapred.MapTask (MapTask.java:flush(1478)) - kvstart = 26214396(104857584); kvend = 16681328(66725312); length = 9533069/6553600
2019-02-19 19:54:52,167 INFO  [communication thread] mapred.LocalJobRunner (LocalJobRunner.java:statusUpdate(591)) - map > sort
2019-02-19 19:54:55,168 INFO  [communication thread] mapred.LocalJobRunner (LocalJobRunner.java:statusUpdate(591)) - map > sort
2019-02-19 19:54:56,194 INFO  [LocalJobRunner Map Task Executor #0] mapred.MapTask (MapTask.java:sortAndSpill(1660)) - Finished spill 0
2019-02-19 19:54:56,196 INFO  [LocalJobRunner Map Task Executor #0] mapred.Task (Task.java:done(1001)) - Task:attempt_local260283070_0001_m_000002_0 is done. And is in the process of committing
2019-02-19 19:54:56,199 INFO  [LocalJobRunner Map Task Executor #0] mapred.LocalJobRunner (LocalJobRunner.java:statusUpdate(591)) - map
2019-02-19 19:54:56,199 INFO  [LocalJobRunner Map Task Executor #0] mapred.Task (Task.java:sendDone(1121)) - Task 'attempt_local260283070_0001_m_000002_0' done.
2019-02-19 19:54:56,199 INFO  [LocalJobRunner Map Task Executor #0] mapred.LocalJobRunner (LocalJobRunner.java:run(249)) - Finishing task: attempt_local260283070_0001_m_000002_0
2019-02-19 19:54:56,199 INFO  [LocalJobRunner Map Task Executor #0] mapred.LocalJobRunner (LocalJobRunner.java:run(224)) - Starting task: attempt_local260283070_0001_m_000003_0
2019-02-19 19:54:56,205 INFO  [LocalJobRunner Map Task Executor #0] mapred.Task (Task.java:initialize(587)) -  Using ResourceCalculatorProcessTree : [ ]
2019-02-19 19:54:56,205 INFO  [LocalJobRunner Map Task Executor #0] mapred.MapTask (MapTask.java:runNewMapper(753)) - Processing split: file:/home/dshah/project1/large-graph.txt:100663296+33554432
2019-02-19 19:54:56,233 INFO  [LocalJobRunner Map Task Executor #0] mapred.MapTask (MapTask.java:setEquator(1202)) - (EQUATOR) 0 kvi 26214396(104857584)
2019-02-19 19:54:56,233 INFO  [LocalJobRunner Map Task Executor #0] mapred.MapTask (MapTask.java:init(995)) - mapreduce.task.io.sort.mb: 100
2019-02-19 19:54:56,233 INFO  [LocalJobRunner Map Task Executor #0] mapred.MapTask (MapTask.java:init(996)) - soft limit at 83886080
2019-02-19 19:54:56,233 INFO  [LocalJobRunner Map Task Executor #0] mapred.MapTask (MapTask.java:init(997)) - bufstart = 0; bufvoid = 104857600
2019-02-19 19:54:56,233 INFO  [LocalJobRunner Map Task Executor #0] mapred.MapTask (MapTask.java:init(998)) - kvstart = 26214396; length = 6553600
2019-02-19 19:54:56,234 INFO  [LocalJobRunner Map Task Executor #0] mapred.MapTask (MapTask.java:createSortingCollector(402)) - Map output collector class = org.apache.hadoop.mapred.MapTask$MapOutputBuffer
2019-02-19 19:54:56,274 INFO  [main] mapreduce.Job (Job.java:monitorAndPrintJob(1373)) -  map 100% reduce 0%
2019-02-19 19:55:02,240 INFO  [communication thread] mapred.LocalJobRunner (LocalJobRunner.java:statusUpdate(591)) - map > map
2019-02-19 19:55:02,276 INFO  [main] mapreduce.Job (Job.java:monitorAndPrintJob(1373)) -  map 62% reduce 0%
2019-02-19 19:55:05,241 INFO  [communication thread] mapred.LocalJobRunner (LocalJobRunner.java:statusUpdate(591)) - map > map
2019-02-19 19:55:05,277 INFO  [main] mapreduce.Job (Job.java:monitorAndPrintJob(1373)) -  map 63% reduce 0%
2019-02-19 19:55:08,241 INFO  [communication thread] mapred.LocalJobRunner (LocalJobRunner.java:statusUpdate(591)) - map > map
2019-02-19 19:55:11,255 INFO  [communication thread] mapred.LocalJobRunner (LocalJobRunner.java:statusUpdate(591)) - map > map
2019-02-19 19:55:11,278 INFO  [main] mapreduce.Job (Job.java:monitorAndPrintJob(1373)) -  map 64% reduce 0%
2019-02-19 19:55:14,255 INFO  [communication thread] mapred.LocalJobRunner (LocalJobRunner.java:statusUpdate(591)) - map > map
2019-02-19 19:55:14,279 INFO  [main] mapreduce.Job (Job.java:monitorAndPrintJob(1373)) -  map 65% reduce 0%
2019-02-19 19:55:17,256 INFO  [communication thread] mapred.LocalJobRunner (LocalJobRunner.java:statusUpdate(591)) - map > map
2019-02-19 19:55:17,280 INFO  [main] mapreduce.Job (Job.java:monitorAndPrintJob(1373)) -  map 66% reduce 0%
2019-02-19 19:55:20,256 INFO  [communication thread] mapred.LocalJobRunner (LocalJobRunner.java:statusUpdate(591)) - map > map
2019-02-19 19:55:20,281 INFO  [main] mapreduce.Job (Job.java:monitorAndPrintJob(1373)) -  map 67% reduce 0%
2019-02-19 19:55:23,259 INFO  [communication thread] mapred.LocalJobRunner (LocalJobRunner.java:statusUpdate(591)) - map > map
2019-02-19 19:55:23,282 INFO  [main] mapreduce.Job (Job.java:monitorAndPrintJob(1373)) -  map 68% reduce 0%
2019-02-19 19:55:26,259 INFO  [communication thread] mapred.LocalJobRunner (LocalJobRunner.java:statusUpdate(591)) - map > map
2019-02-19 19:55:26,283 INFO  [main] mapreduce.Job (Job.java:monitorAndPrintJob(1373)) -  map 69% reduce 0%
2019-02-19 19:55:29,260 INFO  [communication thread] mapred.LocalJobRunner (LocalJobRunner.java:statusUpdate(591)) - map > map
2019-02-19 19:55:29,283 INFO  [main] mapreduce.Job (Job.java:monitorAndPrintJob(1373)) -  map 70% reduce 0%
2019-02-19 19:55:32,261 INFO  [communication thread] mapred.LocalJobRunner (LocalJobRunner.java:statusUpdate(591)) - map > map
2019-02-19 19:55:32,284 INFO  [main] mapreduce.Job (Job.java:monitorAndPrintJob(1373)) -  map 71% reduce 0%
2019-02-19 19:55:35,261 INFO  [communication thread] mapred.LocalJobRunner (LocalJobRunner.java:statusUpdate(591)) - map > map
2019-02-19 19:55:35,285 INFO  [main] mapreduce.Job (Job.java:monitorAndPrintJob(1373)) -  map 72% reduce 0%
2019-02-19 19:55:38,264 INFO  [communication thread] mapred.LocalJobRunner (LocalJobRunner.java:statusUpdate(591)) - map > map
2019-02-19 19:55:41,264 INFO  [communication thread] mapred.LocalJobRunner (LocalJobRunner.java:statusUpdate(591)) - map > map
2019-02-19 19:55:41,287 INFO  [main] mapreduce.Job (Job.java:monitorAndPrintJob(1373)) -  map 73% reduce 0%
2019-02-19 19:55:41,374 INFO  [LocalJobRunner Map Task Executor #0] mapred.LocalJobRunner (LocalJobRunner.java:statusUpdate(591)) - map > map
2019-02-19 19:55:41,375 INFO  [LocalJobRunner Map Task Executor #0] mapred.MapTask (MapTask.java:flush(1457)) - Starting flush of map output
2019-02-19 19:55:41,375 INFO  [LocalJobRunner Map Task Executor #0] mapred.MapTask (MapTask.java:flush(1475)) - Spilling map output
2019-02-19 19:55:41,375 INFO  [LocalJobRunner Map Task Executor #0] mapred.MapTask (MapTask.java:flush(1476)) - bufstart = 0; bufend = 38131872; bufvoid = 104857600
2019-02-19 19:55:41,375 INFO  [LocalJobRunner Map Task Executor #0] mapred.MapTask (MapTask.java:flush(1478)) - kvstart = 26214396(104857584); kvend = 16681432(66725728); length = 9532965/6553600
2019-02-19 19:55:44,271 INFO  [communication thread] mapred.LocalJobRunner (LocalJobRunner.java:statusUpdate(591)) - map > sort
2019-02-19 19:55:45,461 INFO  [LocalJobRunner Map Task Executor #0] mapred.MapTask (MapTask.java:sortAndSpill(1660)) - Finished spill 0
2019-02-19 19:55:45,462 INFO  [LocalJobRunner Map Task Executor #0] mapred.Task (Task.java:done(1001)) - Task:attempt_local260283070_0001_m_000003_0 is done. And is in the process of committing
2019-02-19 19:55:45,463 INFO  [LocalJobRunner Map Task Executor #0] mapred.LocalJobRunner (LocalJobRunner.java:statusUpdate(591)) - map
2019-02-19 19:55:45,463 INFO  [LocalJobRunner Map Task Executor #0] mapred.Task (Task.java:sendDone(1121)) - Task 'attempt_local260283070_0001_m_000003_0' done.
2019-02-19 19:55:45,463 INFO  [LocalJobRunner Map Task Executor #0] mapred.LocalJobRunner (LocalJobRunner.java:run(249)) - Finishing task: attempt_local260283070_0001_m_000003_0
2019-02-19 19:55:45,464 INFO  [LocalJobRunner Map Task Executor #0] mapred.LocalJobRunner (LocalJobRunner.java:run(224)) - Starting task: attempt_local260283070_0001_m_000004_0
2019-02-19 19:55:45,473 INFO  [LocalJobRunner Map Task Executor #0] mapred.Task (Task.java:initialize(587)) -  Using ResourceCalculatorProcessTree : [ ]
2019-02-19 19:55:45,474 INFO  [LocalJobRunner Map Task Executor #0] mapred.MapTask (MapTask.java:runNewMapper(753)) - Processing split: file:/home/dshah/project1/large-graph.txt:134217728+6574126
2019-02-19 19:55:45,504 INFO  [LocalJobRunner Map Task Executor #0] mapred.MapTask (MapTask.java:setEquator(1202)) - (EQUATOR) 0 kvi 26214396(104857584)
2019-02-19 19:55:45,504 INFO  [LocalJobRunner Map Task Executor #0] mapred.MapTask (MapTask.java:init(995)) - mapreduce.task.io.sort.mb: 100
2019-02-19 19:55:45,504 INFO  [LocalJobRunner Map Task Executor #0] mapred.MapTask (MapTask.java:init(996)) - soft limit at 83886080
2019-02-19 19:55:45,505 INFO  [LocalJobRunner Map Task Executor #0] mapred.MapTask (MapTask.java:init(997)) - bufstart = 0; bufvoid = 104857600
2019-02-19 19:55:45,505 INFO  [LocalJobRunner Map Task Executor #0] mapred.MapTask (MapTask.java:init(998)) - kvstart = 26214396; length = 6553600
2019-02-19 19:55:45,506 INFO  [LocalJobRunner Map Task Executor #0] mapred.MapTask (MapTask.java:createSortingCollector(402)) - Map output collector class = org.apache.hadoop.mapred.MapTask$MapOutputBuffer
2019-02-19 19:55:46,381 INFO  [main] mapreduce.Job (Job.java:monitorAndPrintJob(1373)) -  map 100% reduce 0%
2019-02-19 19:55:51,511 INFO  [communication thread] mapred.LocalJobRunner (LocalJobRunner.java:statusUpdate(591)) - map > map
2019-02-19 19:55:52,385 INFO  [main] mapreduce.Job (Job.java:monitorAndPrintJob(1373)) -  map 88% reduce 0%
2019-02-19 19:55:54,511 INFO  [communication thread] mapred.LocalJobRunner (LocalJobRunner.java:statusUpdate(591)) - map > map
2019-02-19 19:55:54,852 INFO  [LocalJobRunner Map Task Executor #0] mapred.LocalJobRunner (LocalJobRunner.java:statusUpdate(591)) - map > map
2019-02-19 19:55:54,853 INFO  [LocalJobRunner Map Task Executor #0] mapred.MapTask (MapTask.java:flush(1457)) - Starting flush of map output
2019-02-19 19:55:54,853 INFO  [LocalJobRunner Map Task Executor #0] mapred.MapTask (MapTask.java:flush(1475)) - Spilling map output
2019-02-19 19:55:54,853 INFO  [LocalJobRunner Map Task Executor #0] mapred.MapTask (MapTask.java:flush(1476)) - bufstart = 0; bufend = 7471200; bufvoid = 104857600
2019-02-19 19:55:54,853 INFO  [LocalJobRunner Map Task Executor #0] mapred.MapTask (MapTask.java:flush(1478)) - kvstart = 26214396(104857584); kvend = 24346600(97386400); length = 1867797/6553600
2019-02-19 19:55:55,386 INFO  [main] mapreduce.Job (Job.java:monitorAndPrintJob(1373)) -  map 93% reduce 0%
2019-02-19 19:55:55,543 INFO  [LocalJobRunner Map Task Executor #0] mapred.MapTask (MapTask.java:sortAndSpill(1660)) - Finished spill 0
2019-02-19 19:55:55,556 INFO  [LocalJobRunner Map Task Executor #0] mapred.Task (Task.java:done(1001)) - Task:attempt_local260283070_0001_m_000004_0 is done. And is in the process of committing
2019-02-19 19:55:55,557 INFO  [LocalJobRunner Map Task Executor #0] mapred.LocalJobRunner (LocalJobRunner.java:statusUpdate(591)) - map
2019-02-19 19:55:55,558 INFO  [LocalJobRunner Map Task Executor #0] mapred.Task (Task.java:sendDone(1121)) - Task 'attempt_local260283070_0001_m_000004_0' done.
2019-02-19 19:55:55,558 INFO  [LocalJobRunner Map Task Executor #0] mapred.LocalJobRunner (LocalJobRunner.java:run(249)) - Finishing task: attempt_local260283070_0001_m_000004_0
2019-02-19 19:55:55,558 INFO  [Thread-13] mapred.LocalJobRunner (LocalJobRunner.java:runTasks(456)) - map task executor complete.
2019-02-19 19:55:55,560 INFO  [Thread-13] mapred.LocalJobRunner (LocalJobRunner.java:runTasks(448)) - Waiting for reduce tasks
2019-02-19 19:55:55,562 INFO  [pool-3-thread-1] mapred.LocalJobRunner (LocalJobRunner.java:run(302)) - Starting task: attempt_local260283070_0001_r_000000_0
2019-02-19 19:55:55,568 INFO  [pool-3-thread-1] mapred.Task (Task.java:initialize(587)) -  Using ResourceCalculatorProcessTree : [ ]
2019-02-19 19:55:55,570 INFO  [pool-3-thread-1] mapred.ReduceTask (ReduceTask.java:run(362)) - Using ShuffleConsumerPlugin: org.apache.hadoop.mapreduce.task.reduce.Shuffle@746c57a0
2019-02-19 19:55:55,593 INFO  [pool-3-thread-1] reduce.MergeManagerImpl (MergeManagerImpl.java:<init>(196)) - MergerManager: memoryLimit=652528832, maxSingleShuffleLimit=163132208, mergeThreshold=430669056, ioSortFactor=10, memToMemMergeOutputsThreshold=10
2019-02-19 19:55:55,606 INFO  [EventFetcher for fetching Map Completion Events] reduce.EventFetcher (EventFetcher.java:run(61)) - attempt_local260283070_0001_r_000000_0 Thread started: EventFetcher for fetching Map Completion Events
2019-02-19 19:55:55,701 INFO  [localfetcher#1] reduce.LocalFetcher (LocalFetcher.java:copyMapOutput(141)) - localfetcher#1 about to shuffle output of map attempt_local260283070_0001_m_000003_0 decomp: 42898358 len: 42898362 to MEMORY
2019-02-19 19:55:55,765 INFO  [localfetcher#1] reduce.InMemoryMapOutput (InMemoryMapOutput.java:shuffle(100)) - Read 42898358 bytes from map-output for attempt_local260283070_0001_m_000003_0
2019-02-19 19:55:55,792 INFO  [localfetcher#1] reduce.MergeManagerImpl (MergeManagerImpl.java:closeInMemoryFile(314)) - closeInMemoryFile -> map-output of size: 42898358, inMemoryMapOutputs.size() -> 1, commitMemory -> 0, usedMemory ->42898358
2019-02-19 19:55:55,802 INFO  [localfetcher#1] reduce.LocalFetcher (LocalFetcher.java:copyMapOutput(141)) - localfetcher#1 about to shuffle output of map attempt_local260283070_0001_m_000000_0 decomp: 42899366 len: 42899370 to MEMORY
2019-02-19 19:55:55,833 INFO  [localfetcher#1] reduce.InMemoryMapOutput (InMemoryMapOutput.java:shuffle(100)) - Read 42899366 bytes from map-output for attempt_local260283070_0001_m_000000_0
2019-02-19 19:55:55,833 INFO  [localfetcher#1] reduce.MergeManagerImpl (MergeManagerImpl.java:closeInMemoryFile(314)) - closeInMemoryFile -> map-output of size: 42899366, inMemoryMapOutputs.size() -> 2, commitMemory -> 42898358, usedMemory ->85797724
2019-02-19 19:55:55,840 INFO  [localfetcher#1] reduce.LocalFetcher (LocalFetcher.java:copyMapOutput(141)) - localfetcher#1 about to shuffle output of map attempt_local260283070_0001_m_000002_0 decomp: 42898826 len: 42898830 to MEMORY
2019-02-19 19:55:55,873 INFO  [localfetcher#1] reduce.InMemoryMapOutput (InMemoryMapOutput.java:shuffle(100)) - Read 42898826 bytes from map-output for attempt_local260283070_0001_m_000002_0
2019-02-19 19:55:55,873 INFO  [localfetcher#1] reduce.MergeManagerImpl (MergeManagerImpl.java:closeInMemoryFile(314)) - closeInMemoryFile -> map-output of size: 42898826, inMemoryMapOutputs.size() -> 3, commitMemory -> 85797724, usedMemory ->128696550
2019-02-19 19:55:55,876 INFO  [localfetcher#1] reduce.LocalFetcher (LocalFetcher.java:copyMapOutput(141)) - localfetcher#1 about to shuffle output of map attempt_local260283070_0001_m_000004_0 decomp: 8405102 len: 8405106 to MEMORY
2019-02-19 19:55:55,883 INFO  [localfetcher#1] reduce.InMemoryMapOutput (InMemoryMapOutput.java:shuffle(100)) - Read 8405102 bytes from map-output for attempt_local260283070_0001_m_000004_0
2019-02-19 19:55:55,883 INFO  [localfetcher#1] reduce.MergeManagerImpl (MergeManagerImpl.java:closeInMemoryFile(314)) - closeInMemoryFile -> map-output of size: 8405102, inMemoryMapOutputs.size() -> 4, commitMemory -> 128696550, usedMemory ->137101652
2019-02-19 19:55:55,891 INFO  [localfetcher#1] reduce.LocalFetcher (LocalFetcher.java:copyMapOutput(141)) - localfetcher#1 about to shuffle output of map attempt_local260283070_0001_m_000001_0 decomp: 42898358 len: 42898362 to MEMORY
2019-02-19 19:55:55,924 INFO  [localfetcher#1] reduce.InMemoryMapOutput (InMemoryMapOutput.java:shuffle(100)) - Read 42898358 bytes from map-output for attempt_local260283070_0001_m_000001_0
2019-02-19 19:55:55,924 INFO  [localfetcher#1] reduce.MergeManagerImpl (MergeManagerImpl.java:closeInMemoryFile(314)) - closeInMemoryFile -> map-output of size: 42898358, inMemoryMapOutputs.size() -> 5, commitMemory -> 137101652, usedMemory ->180000010
2019-02-19 19:55:55,924 INFO  [EventFetcher for fetching Map Completion Events] reduce.EventFetcher (EventFetcher.java:run(76)) - EventFetcher is interrupted.. Returning
2019-02-19 19:55:55,925 INFO  [pool-3-thread-1] mapred.LocalJobRunner (LocalJobRunner.java:statusUpdate(591)) - 5 / 5 copied.
2019-02-19 19:55:55,925 INFO  [pool-3-thread-1] reduce.MergeManagerImpl (MergeManagerImpl.java:finalMerge(674)) - finalMerge called with 5 in-memory map-outputs and 0 on-disk map-outputs
2019-02-19 19:55:55,936 INFO  [pool-3-thread-1] mapred.Merger (Merger.java:merge(597)) - Merging 5 sorted segments
2019-02-19 19:55:55,936 INFO  [pool-3-thread-1] mapred.Merger (Merger.java:merge(696)) - Down to the last merge-pass, with 5 segments left of total size: 179999960 bytes
2019-02-19 19:55:56,386 INFO  [main] mapreduce.Job (Job.java:monitorAndPrintJob(1373)) -  map 100% reduce 0%
2019-02-19 19:55:59,138 INFO  [pool-3-thread-1] reduce.MergeManagerImpl (MergeManagerImpl.java:finalMerge(751)) - Merged 5 segments, 180000010 bytes to disk to satisfy reduce memory limit
2019-02-19 19:55:59,139 INFO  [pool-3-thread-1] reduce.MergeManagerImpl (MergeManagerImpl.java:finalMerge(781)) - Merging 1 files, 180000006 bytes from disk
2019-02-19 19:55:59,140 INFO  [pool-3-thread-1] reduce.MergeManagerImpl (MergeManagerImpl.java:finalMerge(796)) - Merging 0 segments, 0 bytes from memory into reduce
2019-02-19 19:55:59,140 INFO  [pool-3-thread-1] mapred.Merger (Merger.java:merge(597)) - Merging 1 sorted segments
2019-02-19 19:55:59,141 INFO  [pool-3-thread-1] mapred.Merger (Merger.java:merge(696)) - Down to the last merge-pass, with 1 segments left of total size: 179999992 bytes
2019-02-19 19:55:59,142 INFO  [pool-3-thread-1] mapred.LocalJobRunner (LocalJobRunner.java:statusUpdate(591)) - 5 / 5 copied.
2019-02-19 19:55:59,183 INFO  [pool-3-thread-1] Configuration.deprecation (Configuration.java:warnOnceIfDeprecated(1049)) - mapred.skip.on is deprecated. Instead, use mapreduce.job.skiprecords
2019-02-19 19:56:01,588 INFO  [communication thread] mapred.LocalJobRunner (LocalJobRunner.java:statusUpdate(591)) - reduce > reduce
2019-02-19 19:56:02,388 INFO  [main] mapreduce.Job (Job.java:monitorAndPrintJob(1373)) -  map 100% reduce 78%
2019-02-19 19:56:04,045 INFO  [pool-3-thread-1] mapred.Task (Task.java:done(1001)) - Task:attempt_local260283070_0001_r_000000_0 is done. And is in the process of committing
2019-02-19 19:56:04,046 INFO  [pool-3-thread-1] mapred.LocalJobRunner (LocalJobRunner.java:statusUpdate(591)) - reduce > reduce
2019-02-19 19:56:04,046 INFO  [pool-3-thread-1] mapred.Task (Task.java:commit(1162)) - Task attempt_local260283070_0001_r_000000_0 is allowed to commit now
2019-02-19 19:56:04,055 INFO  [pool-3-thread-1] output.FileOutputCommitter (FileOutputCommitter.java:commitTask(439)) - Saved output of task 'attempt_local260283070_0001_r_000000_0' to file:/home/dshah/project1/tempoutput/_temporary/0/task_local260283070_0001_r_000000
2019-02-19 19:56:04,056 INFO  [pool-3-thread-1] mapred.LocalJobRunner (LocalJobRunner.java:statusUpdate(591)) - reduce > reduce
2019-02-19 19:56:04,056 INFO  [pool-3-thread-1] mapred.Task (Task.java:sendDone(1121)) - Task 'attempt_local260283070_0001_r_000000_0' done.
2019-02-19 19:56:04,056 INFO  [pool-3-thread-1] mapred.LocalJobRunner (LocalJobRunner.java:run(325)) - Finishing task: attempt_local260283070_0001_r_000000_0
2019-02-19 19:56:04,056 INFO  [Thread-13] mapred.LocalJobRunner (LocalJobRunner.java:runTasks(456)) - reduce task executor complete.
2019-02-19 19:56:04,389 INFO  [main] mapreduce.Job (Job.java:monitorAndPrintJob(1373)) -  map 100% reduce 100%
2019-02-19 19:56:04,389 INFO  [main] mapreduce.Job (Job.java:monitorAndPrintJob(1384)) - Job job_local260283070_0001 completed successfully
2019-02-19 19:56:04,445 INFO  [main] mapreduce.Job (Job.java:monitorAndPrintJob(1391)) - Counters: 33
	File System Counters
		FILE: Number of bytes read=977243138
		FILE: Number of bytes written=983223796
		FILE: Number of read operations=0
		FILE: Number of large read operations=0
		FILE: Number of write operations=0
	Map-Reduce Framework
		Map input records=10000000
		Map output records=10000000
		Map output bytes=160000000
		Map output materialized bytes=180000030
		Input split bytes=530
		Combine input records=0
		Combine output records=0
		Reduce input groups=519797
		Reduce shuffle bytes=180000030
		Reduce input records=10000000
		Reduce output records=519797
		Spilled Records=20000000
		Shuffled Maps =5
		Failed Shuffles=0
		Merged Map outputs=5
		GC time elapsed (ms)=12020
		CPU time spent (ms)=0
		Physical memory (bytes) snapshot=0
		Virtual memory (bytes) snapshot=0
		Total committed heap usage (bytes)=5335154688
	Shuffle Errors
		BAD_ID=0
		CONNECTION=0
		IO_ERROR=0
		WRONG_LENGTH=0
		WRONG_MAP=0
		WRONG_REDUCE=0
	File Input Format Counters 
		Bytes Read=140808238
	File Output Format Counters 
		Bytes Written=12697422
2019-02-19 19:56:04,517 INFO  [main] jvm.JvmMetrics (JvmMetrics.java:init(71)) - Cannot initialize JVM Metrics with processName=JobTracker, sessionId= - already initialized
2019-02-19 19:56:04,563 WARN  [main] mapreduce.JobSubmitter (JobSubmitter.java:copyAndConfigureFiles(153)) - Hadoop command-line option parsing not performed. Implement the Tool interface and execute your application with ToolRunner to remedy this.
2019-02-19 19:56:04,691 INFO  [main] input.FileInputFormat (FileInputFormat.java:listStatus(281)) - Total input paths to process : 1
2019-02-19 19:56:04,728 INFO  [main] mapreduce.JobSubmitter (JobSubmitter.java:submitJobInternal(494)) - number of splits:1
2019-02-19 19:56:04,760 INFO  [main] mapreduce.JobSubmitter (JobSubmitter.java:printTokens(583)) - Submitting tokens for job: job_local621156589_0002
2019-02-19 19:56:04,935 INFO  [main] mapreduce.Job (Job.java:submit(1300)) - The url to track the job: http://localhost:8080/
2019-02-19 19:56:04,936 INFO  [main] mapreduce.Job (Job.java:monitorAndPrintJob(1345)) - Running job: job_local621156589_0002
2019-02-19 19:56:04,936 INFO  [Thread-41] mapred.LocalJobRunner (LocalJobRunner.java:createOutputCommitter(471)) - OutputCommitter set in config null
2019-02-19 19:56:04,937 INFO  [Thread-41] mapred.LocalJobRunner (LocalJobRunner.java:createOutputCommitter(489)) - OutputCommitter is org.apache.hadoop.mapreduce.lib.output.FileOutputCommitter
2019-02-19 19:56:04,955 INFO  [Thread-41] mapred.LocalJobRunner (LocalJobRunner.java:runTasks(448)) - Waiting for map tasks
2019-02-19 19:56:04,955 INFO  [LocalJobRunner Map Task Executor #0] mapred.LocalJobRunner (LocalJobRunner.java:run(224)) - Starting task: attempt_local621156589_0002_m_000000_0
2019-02-19 19:56:04,966 INFO  [LocalJobRunner Map Task Executor #0] mapred.Task (Task.java:initialize(587)) -  Using ResourceCalculatorProcessTree : [ ]
2019-02-19 19:56:04,967 INFO  [LocalJobRunner Map Task Executor #0] mapred.MapTask (MapTask.java:runNewMapper(753)) - Processing split: file:/home/dshah/project1/tempoutput/part-r-00000:0+12598982
2019-02-19 19:56:04,981 INFO  [LocalJobRunner Map Task Executor #0] mapred.MapTask (MapTask.java:setEquator(1202)) - (EQUATOR) 0 kvi 26214396(104857584)
2019-02-19 19:56:04,981 INFO  [LocalJobRunner Map Task Executor #0] mapred.MapTask (MapTask.java:init(995)) - mapreduce.task.io.sort.mb: 100
2019-02-19 19:56:04,981 INFO  [LocalJobRunner Map Task Executor #0] mapred.MapTask (MapTask.java:init(996)) - soft limit at 83886080
2019-02-19 19:56:04,981 INFO  [LocalJobRunner Map Task Executor #0] mapred.MapTask (MapTask.java:init(997)) - bufstart = 0; bufvoid = 104857600
2019-02-19 19:56:04,981 INFO  [LocalJobRunner Map Task Executor #0] mapred.MapTask (MapTask.java:init(998)) - kvstart = 26214396; length = 6553600
2019-02-19 19:56:04,992 INFO  [LocalJobRunner Map Task Executor #0] mapred.MapTask (MapTask.java:createSortingCollector(402)) - Map output collector class = org.apache.hadoop.mapred.MapTask$MapOutputBuffer
2019-02-19 19:56:05,936 INFO  [main] mapreduce.Job (Job.java:monitorAndPrintJob(1366)) - Job job_local621156589_0002 running in uber mode : false
2019-02-19 19:56:05,936 INFO  [main] mapreduce.Job (Job.java:monitorAndPrintJob(1373)) -  map 0% reduce 0%
2019-02-19 19:56:10,981 INFO  [communication thread] mapred.LocalJobRunner (LocalJobRunner.java:statusUpdate(591)) - map > map
2019-02-19 19:56:11,937 INFO  [main] mapreduce.Job (Job.java:monitorAndPrintJob(1373)) -  map 35% reduce 0%
2019-02-19 19:56:13,982 INFO  [communication thread] mapred.LocalJobRunner (LocalJobRunner.java:statusUpdate(591)) - map > map
2019-02-19 19:56:14,938 INFO  [main] mapreduce.Job (Job.java:monitorAndPrintJob(1373)) -  map 56% reduce 0%
2019-02-19 19:56:15,497 INFO  [LocalJobRunner Map Task Executor #0] mapred.LocalJobRunner (LocalJobRunner.java:statusUpdate(591)) - map > map
2019-02-19 19:56:15,497 INFO  [LocalJobRunner Map Task Executor #0] mapred.MapTask (MapTask.java:flush(1457)) - Starting flush of map output
2019-02-19 19:56:15,497 INFO  [LocalJobRunner Map Task Executor #0] mapred.MapTask (MapTask.java:flush(1475)) - Spilling map output
2019-02-19 19:56:15,498 INFO  [LocalJobRunner Map Task Executor #0] mapred.MapTask (MapTask.java:flush(1476)) - bufstart = 0; bufend = 8316752; bufvoid = 104857600
2019-02-19 19:56:15,498 INFO  [LocalJobRunner Map Task Executor #0] mapred.MapTask (MapTask.java:flush(1478)) - kvstart = 26214396(104857584); kvend = 24135212(96540848); length = 2079185/6553600
2019-02-19 19:56:15,831 INFO  [LocalJobRunner Map Task Executor #0] mapred.MapTask (MapTask.java:sortAndSpill(1660)) - Finished spill 0
2019-02-19 19:56:15,853 INFO  [LocalJobRunner Map Task Executor #0] mapred.Task (Task.java:done(1001)) - Task:attempt_local621156589_0002_m_000000_0 is done. And is in the process of committing
2019-02-19 19:56:15,854 INFO  [LocalJobRunner Map Task Executor #0] mapred.LocalJobRunner (LocalJobRunner.java:statusUpdate(591)) - map
2019-02-19 19:56:15,854 INFO  [LocalJobRunner Map Task Executor #0] mapred.Task (Task.java:sendDone(1121)) - Task 'attempt_local621156589_0002_m_000000_0' done.
2019-02-19 19:56:15,854 INFO  [LocalJobRunner Map Task Executor #0] mapred.LocalJobRunner (LocalJobRunner.java:run(249)) - Finishing task: attempt_local621156589_0002_m_000000_0
2019-02-19 19:56:15,854 INFO  [Thread-41] mapred.LocalJobRunner (LocalJobRunner.java:runTasks(456)) - map task executor complete.
2019-02-19 19:56:15,855 INFO  [Thread-41] mapred.LocalJobRunner (LocalJobRunner.java:runTasks(448)) - Waiting for reduce tasks
2019-02-19 19:56:15,861 INFO  [pool-6-thread-1] mapred.LocalJobRunner (LocalJobRunner.java:run(302)) - Starting task: attempt_local621156589_0002_r_000000_0
2019-02-19 19:56:15,862 INFO  [pool-6-thread-1] mapred.Task (Task.java:initialize(587)) -  Using ResourceCalculatorProcessTree : [ ]
2019-02-19 19:56:15,862 INFO  [pool-6-thread-1] mapred.ReduceTask (ReduceTask.java:run(362)) - Using ShuffleConsumerPlugin: org.apache.hadoop.mapreduce.task.reduce.Shuffle@358db037
2019-02-19 19:56:15,875 INFO  [pool-6-thread-1] reduce.MergeManagerImpl (MergeManagerImpl.java:<init>(196)) - MergerManager: memoryLimit=652528832, maxSingleShuffleLimit=163132208, mergeThreshold=430669056, ioSortFactor=10, memToMemMergeOutputsThreshold=10
2019-02-19 19:56:15,882 INFO  [EventFetcher for fetching Map Completion Events] reduce.EventFetcher (EventFetcher.java:run(61)) - attempt_local621156589_0002_r_000000_0 Thread started: EventFetcher for fetching Map Completion Events
2019-02-19 19:56:15,891 INFO  [localfetcher#2] reduce.LocalFetcher (LocalFetcher.java:copyMapOutput(141)) - localfetcher#2 about to shuffle output of map attempt_local621156589_0002_m_000000_0 decomp: 9356348 len: 9356352 to MEMORY
2019-02-19 19:56:15,904 INFO  [localfetcher#2] reduce.InMemoryMapOutput (InMemoryMapOutput.java:shuffle(100)) - Read 9356348 bytes from map-output for attempt_local621156589_0002_m_000000_0
2019-02-19 19:56:15,904 INFO  [localfetcher#2] reduce.MergeManagerImpl (MergeManagerImpl.java:closeInMemoryFile(314)) - closeInMemoryFile -> map-output of size: 9356348, inMemoryMapOutputs.size() -> 1, commitMemory -> 0, usedMemory ->9356348
2019-02-19 19:56:15,904 INFO  [EventFetcher for fetching Map Completion Events] reduce.EventFetcher (EventFetcher.java:run(76)) - EventFetcher is interrupted.. Returning
2019-02-19 19:56:15,905 INFO  [pool-6-thread-1] mapred.LocalJobRunner (LocalJobRunner.java:statusUpdate(591)) - 1 / 1 copied.
2019-02-19 19:56:15,905 INFO  [pool-6-thread-1] reduce.MergeManagerImpl (MergeManagerImpl.java:finalMerge(674)) - finalMerge called with 1 in-memory map-outputs and 0 on-disk map-outputs
2019-02-19 19:56:15,906 INFO  [pool-6-thread-1] mapred.Merger (Merger.java:merge(597)) - Merging 1 sorted segments
2019-02-19 19:56:15,907 INFO  [pool-6-thread-1] mapred.Merger (Merger.java:merge(696)) - Down to the last merge-pass, with 1 segments left of total size: 9356338 bytes
2019-02-19 19:56:15,939 INFO  [main] mapreduce.Job (Job.java:monitorAndPrintJob(1373)) -  map 100% reduce 0%
2019-02-19 19:56:16,075 INFO  [pool-6-thread-1] reduce.MergeManagerImpl (MergeManagerImpl.java:finalMerge(751)) - Merged 1 segments, 9356348 bytes to disk to satisfy reduce memory limit
2019-02-19 19:56:16,076 INFO  [pool-6-thread-1] reduce.MergeManagerImpl (MergeManagerImpl.java:finalMerge(781)) - Merging 1 files, 9356352 bytes from disk
2019-02-19 19:56:16,076 INFO  [pool-6-thread-1] reduce.MergeManagerImpl (MergeManagerImpl.java:finalMerge(796)) - Merging 0 segments, 0 bytes from memory into reduce
2019-02-19 19:56:16,076 INFO  [pool-6-thread-1] mapred.Merger (Merger.java:merge(597)) - Merging 1 sorted segments
2019-02-19 19:56:16,076 INFO  [pool-6-thread-1] mapred.Merger (Merger.java:merge(696)) - Down to the last merge-pass, with 1 segments left of total size: 9356338 bytes
2019-02-19 19:56:16,077 INFO  [pool-6-thread-1] mapred.LocalJobRunner (LocalJobRunner.java:statusUpdate(591)) - 1 / 1 copied.
19-02-19 19:56:16,383 INFO  [pool-6-thread-1] mapred.Task (Task.java:done(1001)) - Task:attempt_local621156589_0002_r_000000_0 is done. And is in the process of committing
2019-02-19 19:56:16,385 INFO  [pool-6-thread-1] mapred.LocalJobRunner (LocalJobRunner.java:statusUpdate(591)) - 1 / 1 copied.
2019-02-19 19:56:16,385 INFO  [pool-6-thread-1] mapred.Task (Task.java:commit(1162)) - Task attempt_local621156589_0002_r_000000_0 is allowed to commit now
2019-02-19 19:56:16,387 INFO  [pool-6-thread-1] output.FileOutputCommitter (FileOutputCommitter.java:commitTask(439)) - Saved output of task 'attempt_local621156589_0002_r_000000_0' to file:/home/dshah/project1/output/_temporary/0/task_local621156589_0002_r_000000
2019-02-19 19:56:16,387 INFO  [pool-6-thread-1] mapred.LocalJobRunner (LocalJobRunner.java:statusUpdate(591)) - reduce > reduce
2019-02-19 19:56:16,387 INFO  [pool-6-thread-1] mapred.Task (Task.java:sendDone(1121)) - Task 'attempt_local621156589_0002_r_000000_0' done.
2019-02-19 19:56:16,388 INFO  [pool-6-thread-1] mapred.LocalJobRunner (LocalJobRunner.java:run(325)) - Finishing task: attempt_local621156589_0002_r_000000_0
2019-02-19 19:56:16,388 INFO  [Thread-41] mapred.LocalJobRunner (LocalJobRunner.java:runTasks(456)) - reduce task executor complete.
2019-02-19 19:56:16,939 INFO  [main] mapreduce.Job (Job.java:monitorAndPrintJob(1373)) -  map 100% reduce 100%
2019-02-19 19:56:16,939 INFO  [main] mapreduce.Job (Job.java:monitorAndPrintJob(1384)) - Job job_local621156589_0002 completed successfully
2019-02-19 19:56:16,943 INFO  [main] mapreduce.Job (Job.java:monitorAndPrintJob(1391)) - Counters: 33
	File System Counters
		FILE: Number of bytes read=1045750182
		FILE: Number of bytes written=774490147
		FILE: Number of read operations=0
		FILE: Number of large read operations=0
		FILE: Number of write operations=0
	Map-Reduce Framework
		Map input records=519797
		Map output records=519797
		Map output bytes=8316752
		Map output materialized bytes=9356352
		Input split bytes=114
		Combine input records=0
		Combine output records=0
		Reduce input groups=291
		Reduce shuffle bytes=9356352
		Reduce input records=519797
		Reduce output records=291
		Spilled Records=1039594
		Shuffled Maps =1
		Failed Shuffles=0
		Merged Map outputs=1
		GC time elapsed (ms)=472
		CPU time spent (ms)=0
		Physical memory (bytes) snapshot=0
		Virtual memory (bytes) snapshot=0
		Total committed heap usage (bytes)=1626341376
	Shuffle Errors
		BAD_ID=0
		CONNECTION=0
		IO_ERROR=0
		WRONG_LENGTH=0
		WRONG_MAP=0
		WRONG_REDUCE=0
	File Input Format Counters 
		Bytes Read=12697422
	File Output Format Counters 
		Bytes Written=2041
